2015-03-04 14:54:42,589 [localhost-startStop-1] ERROR StackTrace  - Full Stack Trace:
org.springframework.beans.factory.BeanCreationException: Error creating bean with name 'transactionManagerPostProcessor': Initialization of bean failed; nested exception is org.springframework.beans.factory.BeanCreationException: Error creating bean with name 'mongoTransactionManager': Cannot resolve reference to bean 'mongoDatastore' while setting bean property 'datastore'; nested exception is org.springframework.beans.factory.BeanCreationException: Error creating bean with name 'mongoDatastore': FactoryBean threw exception on object creation; nested exception is java.lang.ClassCastException: org.grails.datastore.mapping.document.config.Collection cannot be cast to org.grails.datastore.mapping.mongo.config.MongoCollection
	at org.springframework.beans.factory.support.AbstractAutowireCapableBeanFactory.doCreateBean(AbstractAutowireCapableBeanFactory.java:527)
	at org.codehaus.groovy.grails.commons.spring.ReloadAwareAutowireCapableBeanFactory.doCreateBean(ReloadAwareAutowireCapableBeanFactory.java:122)
	at org.springframework.beans.factory.support.AbstractAutowireCapableBeanFactory.createBean(AbstractAutowireCapableBeanFactory.java:456)
	at org.springframework.beans.factory.support.AbstractBeanFactory$1.getObject(AbstractBeanFactory.java:294)
	at org.springframework.beans.factory.support.DefaultSingletonBeanRegistry.getSingleton(DefaultSingletonBeanRegistry.java:225)
	at org.springframework.beans.factory.support.AbstractBeanFactory.doGetBean(AbstractBeanFactory.java:291)
	at org.springframework.beans.factory.support.AbstractBeanFactory.getBean(AbstractBeanFactory.java:197)
	at org.springframework.context.support.AbstractApplicationContext.registerBeanPostProcessors(AbstractApplicationContext.java:713)
	at org.springframework.context.support.AbstractApplicationContext.refresh(AbstractApplicationContext.java:457)
	at org.codehaus.groovy.grails.commons.spring.DefaultRuntimeSpringConfiguration.getApplicationContext(DefaultRuntimeSpringConfiguration.java:153)
	at org.codehaus.groovy.grails.commons.spring.GrailsRuntimeConfigurator.configure(GrailsRuntimeConfigurator.java:170)
	at org.codehaus.groovy.grails.commons.spring.GrailsRuntimeConfigurator.configure(GrailsRuntimeConfigurator.java:127)
	at org.codehaus.groovy.grails.web.context.GrailsConfigUtils.configureWebApplicationContext(GrailsConfigUtils.java:121)
	at org.codehaus.groovy.grails.web.context.GrailsContextLoader.initWebApplicationContext(GrailsContextLoader.java:107)
	at org.springframework.web.context.ContextLoaderListener.contextInitialized(ContextLoaderListener.java:111)
	at org.apache.catalina.core.StandardContext.listenerStart(StandardContext.java:4887)
	at org.apache.catalina.core.StandardContext.startInternal(StandardContext.java:5381)
	at org.apache.catalina.util.LifecycleBase.start(LifecycleBase.java:150)
	at org.apache.catalina.core.ContainerBase$StartChild.call(ContainerBase.java:1559)
	at org.apache.catalina.core.ContainerBase$StartChild.call(ContainerBase.java:1549)
	at java.util.concurrent.FutureTask.run(FutureTask.java:262)
	at java.util.concurrent.ThreadPoolExecutor.runWorker(ThreadPoolExecutor.java:1145)
	at java.util.concurrent.ThreadPoolExecutor$Worker.run(ThreadPoolExecutor.java:615)
	at java.lang.Thread.run(Thread.java:745)
Caused by: org.springframework.beans.factory.BeanCreationException: Error creating bean with name 'mongoTransactionManager': Cannot resolve reference to bean 'mongoDatastore' while setting bean property 'datastore'; nested exception is org.springframework.beans.factory.BeanCreationException: Error creating bean with name 'mongoDatastore': FactoryBean threw exception on object creation; nested exception is java.lang.ClassCastException: org.grails.datastore.mapping.document.config.Collection cannot be cast to org.grails.datastore.mapping.mongo.config.MongoCollection
	at org.springframework.beans.factory.support.BeanDefinitionValueResolver.resolveReference(BeanDefinitionValueResolver.java:329)
	at org.springframework.beans.factory.support.BeanDefinitionValueResolver.resolveValueIfNecessary(BeanDefinitionValueResolver.java:107)
	at org.springframework.beans.factory.support.AbstractAutowireCapableBeanFactory.applyPropertyValues(AbstractAutowireCapableBeanFactory.java:1360)
	at org.springframework.beans.factory.support.AbstractAutowireCapableBeanFactory.populateBean(AbstractAutowireCapableBeanFactory.java:1118)
	at org.springframework.beans.factory.support.AbstractAutowireCapableBeanFactory.doCreateBean(AbstractAutowireCapableBeanFactory.java:517)
	at org.codehaus.groovy.grails.commons.spring.ReloadAwareAutowireCapableBeanFactory.doCreateBean(ReloadAwareAutowireCapableBeanFactory.java:122)
	at org.springframework.beans.factory.support.AbstractAutowireCapableBeanFactory.createBean(AbstractAutowireCapableBeanFactory.java:456)
	at org.springframework.beans.factory.support.AbstractBeanFactory$1.getObject(AbstractBeanFactory.java:294)
	at org.springframework.beans.factory.support.DefaultSingletonBeanRegistry.getSingleton(DefaultSingletonBeanRegistry.java:225)
	at org.springframework.beans.factory.support.AbstractBeanFactory.doGetBean(AbstractBeanFactory.java:291)
	at org.springframework.beans.factory.support.AbstractBeanFactory.getBean(AbstractBeanFactory.java:197)
	at org.codehaus.groovy.grails.orm.support.TransactionManagerPostProcessor.initialize(TransactionManagerPostProcessor.java:74)
	at org.codehaus.groovy.grails.orm.support.TransactionManagerPostProcessor.setBeanFactory(TransactionManagerPostProcessor.java:52)
	at org.springframework.beans.factory.support.AbstractAutowireCapableBeanFactory.invokeAwareMethods(AbstractAutowireCapableBeanFactory.java:1475)
	at org.springframework.beans.factory.support.AbstractAutowireCapableBeanFactory.initializeBean(AbstractAutowireCapableBeanFactory.java:1443)
	at org.springframework.beans.factory.support.AbstractAutowireCapableBeanFactory.doCreateBean(AbstractAutowireCapableBeanFactory.java:519)
	... 23 more
Caused by: org.springframework.beans.factory.BeanCreationException: Error creating bean with name 'mongoDatastore': FactoryBean threw exception on object creation; nested exception is java.lang.ClassCastException: org.grails.datastore.mapping.document.config.Collection cannot be cast to org.grails.datastore.mapping.mongo.config.MongoCollection
	at org.springframework.beans.factory.support.FactoryBeanRegistrySupport.doGetObjectFromFactoryBean(FactoryBeanRegistrySupport.java:149)
	at org.springframework.beans.factory.support.FactoryBeanRegistrySupport.getObjectFromFactoryBean(FactoryBeanRegistrySupport.java:102)
	at org.springframework.beans.factory.support.AbstractBeanFactory.getObjectForBeanInstance(AbstractBeanFactory.java:1442)
	at org.springframework.beans.factory.support.AbstractBeanFactory.doGetBean(AbstractBeanFactory.java:305)
	at org.springframework.beans.factory.support.AbstractBeanFactory.getBean(AbstractBeanFactory.java:193)
	at org.springframework.beans.factory.support.BeanDefinitionValueResolver.resolveReference(BeanDefinitionValueResolver.java:323)
	... 38 more
Caused by: java.lang.ClassCastException: org.grails.datastore.mapping.document.config.Collection cannot be cast to org.grails.datastore.mapping.mongo.config.MongoCollection
	at org.grails.datastore.mapping.mongo.MongoDatastore.createMongoTemplate(MongoDatastore.java:213)
	at org.grails.datastore.mapping.mongo.MongoDatastore.afterPropertiesSet(MongoDatastore.java:203)
	at org.springframework.beans.factory.InitializingBean$afterPropertiesSet.call(Unknown Source)
	at org.codehaus.groovy.runtime.callsite.CallSiteArray.defaultCall(CallSiteArray.java:45)
	at org.codehaus.groovy.runtime.callsite.AbstractCallSite.call(AbstractCallSite.java:108)
	at org.codehaus.groovy.runtime.callsite.AbstractCallSite.call(AbstractCallSite.java:112)
	at org.grails.datastore.gorm.mongo.bean.factory.MongoDatastoreFactoryBean.getObject(MongoDatastoreFactoryBean.groovy:53)
	at org.grails.datastore.gorm.mongo.bean.factory.MongoDatastoreFactoryBean.getObject(MongoDatastoreFactoryBean.groovy)
	at org.springframework.beans.factory.support.FactoryBeanRegistrySupport.doGetObjectFromFactoryBean(FactoryBeanRegistrySupport.java:142)
	... 43 more
2015-03-04 14:54:42,597 [localhost-startStop-1] ERROR StackTrace  - Full Stack Trace:
org.springframework.beans.factory.BeanCreationException: Error creating bean with name 'mongoTransactionManager': Cannot resolve reference to bean 'mongoDatastore' while setting bean property 'datastore'; nested exception is org.springframework.beans.factory.BeanCreationException: Error creating bean with name 'mongoDatastore': FactoryBean threw exception on object creation; nested exception is java.lang.ClassCastException: org.grails.datastore.mapping.document.config.Collection cannot be cast to org.grails.datastore.mapping.mongo.config.MongoCollection
	at org.springframework.beans.factory.support.BeanDefinitionValueResolver.resolveReference(BeanDefinitionValueResolver.java:329)
	at org.springframework.beans.factory.support.BeanDefinitionValueResolver.resolveValueIfNecessary(BeanDefinitionValueResolver.java:107)
	at org.springframework.beans.factory.support.AbstractAutowireCapableBeanFactory.applyPropertyValues(AbstractAutowireCapableBeanFactory.java:1360)
	at org.springframework.beans.factory.support.AbstractAutowireCapableBeanFactory.populateBean(AbstractAutowireCapableBeanFactory.java:1118)
	at org.springframework.beans.factory.support.AbstractAutowireCapableBeanFactory.doCreateBean(AbstractAutowireCapableBeanFactory.java:517)
	at org.codehaus.groovy.grails.commons.spring.ReloadAwareAutowireCapableBeanFactory.doCreateBean(ReloadAwareAutowireCapableBeanFactory.java:122)
	at org.springframework.beans.factory.support.AbstractAutowireCapableBeanFactory.createBean(AbstractAutowireCapableBeanFactory.java:456)
	at org.springframework.beans.factory.support.AbstractBeanFactory$1.getObject(AbstractBeanFactory.java:294)
	at org.springframework.beans.factory.support.DefaultSingletonBeanRegistry.getSingleton(DefaultSingletonBeanRegistry.java:225)
	at org.springframework.beans.factory.support.AbstractBeanFactory.doGetBean(AbstractBeanFactory.java:291)
	at org.springframework.beans.factory.support.AbstractBeanFactory.getBean(AbstractBeanFactory.java:197)
	at org.codehaus.groovy.grails.orm.support.TransactionManagerPostProcessor.initialize(TransactionManagerPostProcessor.java:74)
	at org.codehaus.groovy.grails.orm.support.TransactionManagerPostProcessor.setBeanFactory(TransactionManagerPostProcessor.java:52)
	at org.springframework.beans.factory.support.AbstractAutowireCapableBeanFactory.invokeAwareMethods(AbstractAutowireCapableBeanFactory.java:1475)
	at org.springframework.beans.factory.support.AbstractAutowireCapableBeanFactory.initializeBean(AbstractAutowireCapableBeanFactory.java:1443)
	at org.springframework.beans.factory.support.AbstractAutowireCapableBeanFactory.doCreateBean(AbstractAutowireCapableBeanFactory.java:519)
	at org.codehaus.groovy.grails.commons.spring.ReloadAwareAutowireCapableBeanFactory.doCreateBean(ReloadAwareAutowireCapableBeanFactory.java:122)
	at org.springframework.beans.factory.support.AbstractAutowireCapableBeanFactory.createBean(AbstractAutowireCapableBeanFactory.java:456)
	at org.springframework.beans.factory.support.AbstractBeanFactory$1.getObject(AbstractBeanFactory.java:294)
	at org.springframework.beans.factory.support.DefaultSingletonBeanRegistry.getSingleton(DefaultSingletonBeanRegistry.java:225)
	at org.springframework.beans.factory.support.AbstractBeanFactory.doGetBean(AbstractBeanFactory.java:291)
	at org.springframework.beans.factory.support.AbstractBeanFactory.getBean(AbstractBeanFactory.java:197)
	at org.springframework.context.support.AbstractApplicationContext.registerBeanPostProcessors(AbstractApplicationContext.java:713)
	at org.springframework.context.support.AbstractApplicationContext.refresh(AbstractApplicationContext.java:457)
	at org.codehaus.groovy.grails.commons.spring.DefaultRuntimeSpringConfiguration.getApplicationContext(DefaultRuntimeSpringConfiguration.java:153)
	at org.codehaus.groovy.grails.commons.spring.GrailsRuntimeConfigurator.configure(GrailsRuntimeConfigurator.java:170)
	at org.codehaus.groovy.grails.commons.spring.GrailsRuntimeConfigurator.configure(GrailsRuntimeConfigurator.java:127)
	at org.codehaus.groovy.grails.web.context.GrailsConfigUtils.configureWebApplicationContext(GrailsConfigUtils.java:121)
	at org.codehaus.groovy.grails.web.context.GrailsContextLoader.initWebApplicationContext(GrailsContextLoader.java:107)
	at org.springframework.web.context.ContextLoaderListener.contextInitialized(ContextLoaderListener.java:111)
	at org.apache.catalina.core.StandardContext.listenerStart(StandardContext.java:4887)
	at org.apache.catalina.core.StandardContext.startInternal(StandardContext.java:5381)
	at org.apache.catalina.util.LifecycleBase.start(LifecycleBase.java:150)
	at org.apache.catalina.core.ContainerBase$StartChild.call(ContainerBase.java:1559)
	at org.apache.catalina.core.ContainerBase$StartChild.call(ContainerBase.java:1549)
	at java.util.concurrent.FutureTask.run(FutureTask.java:262)
	at java.util.concurrent.ThreadPoolExecutor.runWorker(ThreadPoolExecutor.java:1145)
	at java.util.concurrent.ThreadPoolExecutor$Worker.run(ThreadPoolExecutor.java:615)
	at java.lang.Thread.run(Thread.java:745)
Caused by: org.springframework.beans.factory.BeanCreationException: Error creating bean with name 'mongoDatastore': FactoryBean threw exception on object creation; nested exception is java.lang.ClassCastException: org.grails.datastore.mapping.document.config.Collection cannot be cast to org.grails.datastore.mapping.mongo.config.MongoCollection
	at org.springframework.beans.factory.support.FactoryBeanRegistrySupport.doGetObjectFromFactoryBean(FactoryBeanRegistrySupport.java:149)
	at org.springframework.beans.factory.support.FactoryBeanRegistrySupport.getObjectFromFactoryBean(FactoryBeanRegistrySupport.java:102)
	at org.springframework.beans.factory.support.AbstractBeanFactory.getObjectForBeanInstance(AbstractBeanFactory.java:1442)
	at org.springframework.beans.factory.support.AbstractBeanFactory.doGetBean(AbstractBeanFactory.java:305)
	at org.springframework.beans.factory.support.AbstractBeanFactory.getBean(AbstractBeanFactory.java:193)
	at org.springframework.beans.factory.support.BeanDefinitionValueResolver.resolveReference(BeanDefinitionValueResolver.java:323)
	... 38 more
Caused by: java.lang.ClassCastException: org.grails.datastore.mapping.document.config.Collection cannot be cast to org.grails.datastore.mapping.mongo.config.MongoCollection
	at org.grails.datastore.mapping.mongo.MongoDatastore.createMongoTemplate(MongoDatastore.java:213)
	at org.grails.datastore.mapping.mongo.MongoDatastore.afterPropertiesSet(MongoDatastore.java:203)
	at org.springframework.beans.factory.InitializingBean$afterPropertiesSet.call(Unknown Source)
	at org.codehaus.groovy.runtime.callsite.CallSiteArray.defaultCall(CallSiteArray.java:45)
	at org.codehaus.groovy.runtime.callsite.AbstractCallSite.call(AbstractCallSite.java:108)
	at org.codehaus.groovy.runtime.callsite.AbstractCallSite.call(AbstractCallSite.java:112)
	at org.grails.datastore.gorm.mongo.bean.factory.MongoDatastoreFactoryBean.getObject(MongoDatastoreFactoryBean.groovy:53)
	at org.grails.datastore.gorm.mongo.bean.factory.MongoDatastoreFactoryBean.getObject(MongoDatastoreFactoryBean.groovy)
	at org.springframework.beans.factory.support.FactoryBeanRegistrySupport.doGetObjectFromFactoryBean(FactoryBeanRegistrySupport.java:142)
	... 43 more
2015-03-04 14:54:42,598 [localhost-startStop-1] ERROR StackTrace  - Full Stack Trace:
org.springframework.beans.factory.BeanCreationException: Error creating bean with name 'mongoDatastore': FactoryBean threw exception on object creation; nested exception is java.lang.ClassCastException: org.grails.datastore.mapping.document.config.Collection cannot be cast to org.grails.datastore.mapping.mongo.config.MongoCollection
	at org.springframework.beans.factory.support.FactoryBeanRegistrySupport.doGetObjectFromFactoryBean(FactoryBeanRegistrySupport.java:149)
	at org.springframework.beans.factory.support.FactoryBeanRegistrySupport.getObjectFromFactoryBean(FactoryBeanRegistrySupport.java:102)
	at org.springframework.beans.factory.support.AbstractBeanFactory.getObjectForBeanInstance(AbstractBeanFactory.java:1442)
	at org.springframework.beans.factory.support.AbstractBeanFactory.doGetBean(AbstractBeanFactory.java:305)
	at org.springframework.beans.factory.support.AbstractBeanFactory.getBean(AbstractBeanFactory.java:193)
	at org.springframework.beans.factory.support.BeanDefinitionValueResolver.resolveReference(BeanDefinitionValueResolver.java:323)
	at org.springframework.beans.factory.support.BeanDefinitionValueResolver.resolveValueIfNecessary(BeanDefinitionValueResolver.java:107)
	at org.springframework.beans.factory.support.AbstractAutowireCapableBeanFactory.applyPropertyValues(AbstractAutowireCapableBeanFactory.java:1360)
	at org.springframework.beans.factory.support.AbstractAutowireCapableBeanFactory.populateBean(AbstractAutowireCapableBeanFactory.java:1118)
	at org.springframework.beans.factory.support.AbstractAutowireCapableBeanFactory.doCreateBean(AbstractAutowireCapableBeanFactory.java:517)
	at org.codehaus.groovy.grails.commons.spring.ReloadAwareAutowireCapableBeanFactory.doCreateBean(ReloadAwareAutowireCapableBeanFactory.java:122)
	at org.springframework.beans.factory.support.AbstractAutowireCapableBeanFactory.createBean(AbstractAutowireCapableBeanFactory.java:456)
	at org.springframework.beans.factory.support.AbstractBeanFactory$1.getObject(AbstractBeanFactory.java:294)
	at org.springframework.beans.factory.support.DefaultSingletonBeanRegistry.getSingleton(DefaultSingletonBeanRegistry.java:225)
	at org.springframework.beans.factory.support.AbstractBeanFactory.doGetBean(AbstractBeanFactory.java:291)
	at org.springframework.beans.factory.support.AbstractBeanFactory.getBean(AbstractBeanFactory.java:197)
	at org.codehaus.groovy.grails.orm.support.TransactionManagerPostProcessor.initialize(TransactionManagerPostProcessor.java:74)
	at org.codehaus.groovy.grails.orm.support.TransactionManagerPostProcessor.setBeanFactory(TransactionManagerPostProcessor.java:52)
	at org.springframework.beans.factory.support.AbstractAutowireCapableBeanFactory.invokeAwareMethods(AbstractAutowireCapableBeanFactory.java:1475)
	at org.springframework.beans.factory.support.AbstractAutowireCapableBeanFactory.initializeBean(AbstractAutowireCapableBeanFactory.java:1443)
	at org.springframework.beans.factory.support.AbstractAutowireCapableBeanFactory.doCreateBean(AbstractAutowireCapableBeanFactory.java:519)
	at org.codehaus.groovy.grails.commons.spring.ReloadAwareAutowireCapableBeanFactory.doCreateBean(ReloadAwareAutowireCapableBeanFactory.java:122)
	at org.springframework.beans.factory.support.AbstractAutowireCapableBeanFactory.createBean(AbstractAutowireCapableBeanFactory.java:456)
	at org.springframework.beans.factory.support.AbstractBeanFactory$1.getObject(AbstractBeanFactory.java:294)
	at org.springframework.beans.factory.support.DefaultSingletonBeanRegistry.getSingleton(DefaultSingletonBeanRegistry.java:225)
	at org.springframework.beans.factory.support.AbstractBeanFactory.doGetBean(AbstractBeanFactory.java:291)
	at org.springframework.beans.factory.support.AbstractBeanFactory.getBean(AbstractBeanFactory.java:197)
	at org.springframework.context.support.AbstractApplicationContext.registerBeanPostProcessors(AbstractApplicationContext.java:713)
	at org.springframework.context.support.AbstractApplicationContext.refresh(AbstractApplicationContext.java:457)
	at org.codehaus.groovy.grails.commons.spring.DefaultRuntimeSpringConfiguration.getApplicationContext(DefaultRuntimeSpringConfiguration.java:153)
	at org.codehaus.groovy.grails.commons.spring.GrailsRuntimeConfigurator.configure(GrailsRuntimeConfigurator.java:170)
	at org.codehaus.groovy.grails.commons.spring.GrailsRuntimeConfigurator.configure(GrailsRuntimeConfigurator.java:127)
	at org.codehaus.groovy.grails.web.context.GrailsConfigUtils.configureWebApplicationContext(GrailsConfigUtils.java:121)
	at org.codehaus.groovy.grails.web.context.GrailsContextLoader.initWebApplicationContext(GrailsContextLoader.java:107)
	at org.springframework.web.context.ContextLoaderListener.contextInitialized(ContextLoaderListener.java:111)
	at org.apache.catalina.core.StandardContext.listenerStart(StandardContext.java:4887)
	at org.apache.catalina.core.StandardContext.startInternal(StandardContext.java:5381)
	at org.apache.catalina.util.LifecycleBase.start(LifecycleBase.java:150)
	at org.apache.catalina.core.ContainerBase$StartChild.call(ContainerBase.java:1559)
	at org.apache.catalina.core.ContainerBase$StartChild.call(ContainerBase.java:1549)
	at java.util.concurrent.FutureTask.run(FutureTask.java:262)
	at java.util.concurrent.ThreadPoolExecutor.runWorker(ThreadPoolExecutor.java:1145)
	at java.util.concurrent.ThreadPoolExecutor$Worker.run(ThreadPoolExecutor.java:615)
	at java.lang.Thread.run(Thread.java:745)
Caused by: java.lang.ClassCastException: org.grails.datastore.mapping.document.config.Collection cannot be cast to org.grails.datastore.mapping.mongo.config.MongoCollection
	at org.grails.datastore.mapping.mongo.MongoDatastore.createMongoTemplate(MongoDatastore.java:213)
	at org.grails.datastore.mapping.mongo.MongoDatastore.afterPropertiesSet(MongoDatastore.java:203)
	at org.springframework.beans.factory.InitializingBean$afterPropertiesSet.call(Unknown Source)
	at org.codehaus.groovy.runtime.callsite.CallSiteArray.defaultCall(CallSiteArray.java:45)
	at org.codehaus.groovy.runtime.callsite.AbstractCallSite.call(AbstractCallSite.java:108)
	at org.codehaus.groovy.runtime.callsite.AbstractCallSite.call(AbstractCallSite.java:112)
	at org.grails.datastore.gorm.mongo.bean.factory.MongoDatastoreFactoryBean.getObject(MongoDatastoreFactoryBean.groovy:53)
	at org.grails.datastore.gorm.mongo.bean.factory.MongoDatastoreFactoryBean.getObject(MongoDatastoreFactoryBean.groovy)
	at org.springframework.beans.factory.support.FactoryBeanRegistrySupport.doGetObjectFromFactoryBean(FactoryBeanRegistrySupport.java:142)
	... 43 more
2015-03-04 14:54:42,598 [localhost-startStop-1] ERROR StackTrace  - Full Stack Trace:
java.lang.ClassCastException: org.grails.datastore.mapping.document.config.Collection cannot be cast to org.grails.datastore.mapping.mongo.config.MongoCollection
	at org.grails.datastore.mapping.mongo.MongoDatastore.createMongoTemplate(MongoDatastore.java:213)
	at org.grails.datastore.mapping.mongo.MongoDatastore.afterPropertiesSet(MongoDatastore.java:203)
	at org.springframework.beans.factory.InitializingBean$afterPropertiesSet.call(Unknown Source)
	at org.codehaus.groovy.runtime.callsite.CallSiteArray.defaultCall(CallSiteArray.java:45)
	at org.codehaus.groovy.runtime.callsite.AbstractCallSite.call(AbstractCallSite.java:108)
	at org.codehaus.groovy.runtime.callsite.AbstractCallSite.call(AbstractCallSite.java:112)
	at org.grails.datastore.gorm.mongo.bean.factory.MongoDatastoreFactoryBean.getObject(MongoDatastoreFactoryBean.groovy:53)
	at org.grails.datastore.gorm.mongo.bean.factory.MongoDatastoreFactoryBean.getObject(MongoDatastoreFactoryBean.groovy)
	at org.springframework.beans.factory.support.FactoryBeanRegistrySupport.doGetObjectFromFactoryBean(FactoryBeanRegistrySupport.java:142)
	at org.springframework.beans.factory.support.FactoryBeanRegistrySupport.getObjectFromFactoryBean(FactoryBeanRegistrySupport.java:102)
	at org.springframework.beans.factory.support.AbstractBeanFactory.getObjectForBeanInstance(AbstractBeanFactory.java:1442)
	at org.springframework.beans.factory.support.AbstractBeanFactory.doGetBean(AbstractBeanFactory.java:305)
	at org.springframework.beans.factory.support.AbstractBeanFactory.getBean(AbstractBeanFactory.java:193)
	at org.springframework.beans.factory.support.BeanDefinitionValueResolver.resolveReference(BeanDefinitionValueResolver.java:323)
	at org.springframework.beans.factory.support.BeanDefinitionValueResolver.resolveValueIfNecessary(BeanDefinitionValueResolver.java:107)
	at org.springframework.beans.factory.support.AbstractAutowireCapableBeanFactory.applyPropertyValues(AbstractAutowireCapableBeanFactory.java:1360)
	at org.springframework.beans.factory.support.AbstractAutowireCapableBeanFactory.populateBean(AbstractAutowireCapableBeanFactory.java:1118)
	at org.springframework.beans.factory.support.AbstractAutowireCapableBeanFactory.doCreateBean(AbstractAutowireCapableBeanFactory.java:517)
	at org.codehaus.groovy.grails.commons.spring.ReloadAwareAutowireCapableBeanFactory.doCreateBean(ReloadAwareAutowireCapableBeanFactory.java:122)
	at org.springframework.beans.factory.support.AbstractAutowireCapableBeanFactory.createBean(AbstractAutowireCapableBeanFactory.java:456)
	at org.springframework.beans.factory.support.AbstractBeanFactory$1.getObject(AbstractBeanFactory.java:294)
	at org.springframework.beans.factory.support.DefaultSingletonBeanRegistry.getSingleton(DefaultSingletonBeanRegistry.java:225)
	at org.springframework.beans.factory.support.AbstractBeanFactory.doGetBean(AbstractBeanFactory.java:291)
	at org.springframework.beans.factory.support.AbstractBeanFactory.getBean(AbstractBeanFactory.java:197)
	at org.codehaus.groovy.grails.orm.support.TransactionManagerPostProcessor.initialize(TransactionManagerPostProcessor.java:74)
	at org.codehaus.groovy.grails.orm.support.TransactionManagerPostProcessor.setBeanFactory(TransactionManagerPostProcessor.java:52)
	at org.springframework.beans.factory.support.AbstractAutowireCapableBeanFactory.invokeAwareMethods(AbstractAutowireCapableBeanFactory.java:1475)
	at org.springframework.beans.factory.support.AbstractAutowireCapableBeanFactory.initializeBean(AbstractAutowireCapableBeanFactory.java:1443)
	at org.springframework.beans.factory.support.AbstractAutowireCapableBeanFactory.doCreateBean(AbstractAutowireCapableBeanFactory.java:519)
	at org.codehaus.groovy.grails.commons.spring.ReloadAwareAutowireCapableBeanFactory.doCreateBean(ReloadAwareAutowireCapableBeanFactory.java:122)
	at org.springframework.beans.factory.support.AbstractAutowireCapableBeanFactory.createBean(AbstractAutowireCapableBeanFactory.java:456)
	at org.springframework.beans.factory.support.AbstractBeanFactory$1.getObject(AbstractBeanFactory.java:294)
	at org.springframework.beans.factory.support.DefaultSingletonBeanRegistry.getSingleton(DefaultSingletonBeanRegistry.java:225)
	at org.springframework.beans.factory.support.AbstractBeanFactory.doGetBean(AbstractBeanFactory.java:291)
	at org.springframework.beans.factory.support.AbstractBeanFactory.getBean(AbstractBeanFactory.java:197)
	at org.springframework.context.support.AbstractApplicationContext.registerBeanPostProcessors(AbstractApplicationContext.java:713)
	at org.springframework.context.support.AbstractApplicationContext.refresh(AbstractApplicationContext.java:457)
	at org.codehaus.groovy.grails.commons.spring.DefaultRuntimeSpringConfiguration.getApplicationContext(DefaultRuntimeSpringConfiguration.java:153)
	at org.codehaus.groovy.grails.commons.spring.GrailsRuntimeConfigurator.configure(GrailsRuntimeConfigurator.java:170)
	at org.codehaus.groovy.grails.commons.spring.GrailsRuntimeConfigurator.configure(GrailsRuntimeConfigurator.java:127)
	at org.codehaus.groovy.grails.web.context.GrailsConfigUtils.configureWebApplicationContext(GrailsConfigUtils.java:121)
	at org.codehaus.groovy.grails.web.context.GrailsContextLoader.initWebApplicationContext(GrailsContextLoader.java:107)
	at org.springframework.web.context.ContextLoaderListener.contextInitialized(ContextLoaderListener.java:111)
	at org.apache.catalina.core.StandardContext.listenerStart(StandardContext.java:4887)
	at org.apache.catalina.core.StandardContext.startInternal(StandardContext.java:5381)
	at org.apache.catalina.util.LifecycleBase.start(LifecycleBase.java:150)
	at org.apache.catalina.core.ContainerBase$StartChild.call(ContainerBase.java:1559)
	at org.apache.catalina.core.ContainerBase$StartChild.call(ContainerBase.java:1549)
	at java.util.concurrent.FutureTask.run(FutureTask.java:262)
	at java.util.concurrent.ThreadPoolExecutor.runWorker(ThreadPoolExecutor.java:1145)
	at java.util.concurrent.ThreadPoolExecutor$Worker.run(ThreadPoolExecutor.java:615)
	at java.lang.Thread.run(Thread.java:745)
2015-03-04 14:54:42,599 [localhost-startStop-1] ERROR StackTrace  - Full Stack Trace:
org.springframework.beans.factory.BeanCreationException: Error creating bean with name 'transactionManagerPostProcessor': Initialization of bean failed; nested exception is org.springframework.beans.factory.BeanCreationException: Error creating bean with name 'mongoTransactionManager': Cannot resolve reference to bean 'mongoDatastore' while setting bean property 'datastore'; nested exception is org.springframework.beans.factory.BeanCreationException: Error creating bean with name 'mongoDatastore': FactoryBean threw exception on object creation; nested exception is java.lang.ClassCastException: org.grails.datastore.mapping.document.config.Collection cannot be cast to org.grails.datastore.mapping.mongo.config.MongoCollection
	at java.util.concurrent.FutureTask.run(FutureTask.java:262)
	at java.util.concurrent.ThreadPoolExecutor.runWorker(ThreadPoolExecutor.java:1145)
	at java.util.concurrent.ThreadPoolExecutor$Worker.run(ThreadPoolExecutor.java:615)
	at java.lang.Thread.run(Thread.java:745)
Caused by: org.springframework.beans.factory.BeanCreationException: Error creating bean with name 'mongoTransactionManager': Cannot resolve reference to bean 'mongoDatastore' while setting bean property 'datastore'; nested exception is org.springframework.beans.factory.BeanCreationException: Error creating bean with name 'mongoDatastore': FactoryBean threw exception on object creation; nested exception is java.lang.ClassCastException: org.grails.datastore.mapping.document.config.Collection cannot be cast to org.grails.datastore.mapping.mongo.config.MongoCollection
	... 4 more
Caused by: org.springframework.beans.factory.BeanCreationException: Error creating bean with name 'mongoDatastore': FactoryBean threw exception on object creation; nested exception is java.lang.ClassCastException: org.grails.datastore.mapping.document.config.Collection cannot be cast to org.grails.datastore.mapping.mongo.config.MongoCollection
	... 4 more
Caused by: java.lang.ClassCastException: org.grails.datastore.mapping.document.config.Collection cannot be cast to org.grails.datastore.mapping.mongo.config.MongoCollection
	at org.grails.datastore.mapping.mongo.MongoDatastore.createMongoTemplate(MongoDatastore.java:213)
	at org.grails.datastore.mapping.mongo.MongoDatastore.afterPropertiesSet(MongoDatastore.java:203)
	at org.grails.datastore.gorm.mongo.bean.factory.MongoDatastoreFactoryBean.getObject(MongoDatastoreFactoryBean.groovy:53)
	... 4 more
2015-03-04 14:54:42,599 [localhost-startStop-1] ERROR StackTrace  - Full Stack Trace:
org.springframework.beans.factory.BeanCreationException: Error creating bean with name 'transactionManagerPostProcessor': Initialization of bean failed; nested exception is org.springframework.beans.factory.BeanCreationException: Error creating bean with name 'mongoTransactionManager': Cannot resolve reference to bean 'mongoDatastore' while setting bean property 'datastore'; nested exception is org.springframework.beans.factory.BeanCreationException: Error creating bean with name 'mongoDatastore': FactoryBean threw exception on object creation; nested exception is java.lang.ClassCastException: org.grails.datastore.mapping.document.config.Collection cannot be cast to org.grails.datastore.mapping.mongo.config.MongoCollection
	at java.util.concurrent.FutureTask.run(FutureTask.java:262)
	at java.util.concurrent.ThreadPoolExecutor.runWorker(ThreadPoolExecutor.java:1145)
	at java.util.concurrent.ThreadPoolExecutor$Worker.run(ThreadPoolExecutor.java:615)
	at java.lang.Thread.run(Thread.java:745)
Caused by: org.springframework.beans.factory.BeanCreationException: Error creating bean with name 'mongoTransactionManager': Cannot resolve reference to bean 'mongoDatastore' while setting bean property 'datastore'; nested exception is org.springframework.beans.factory.BeanCreationException: Error creating bean with name 'mongoDatastore': FactoryBean threw exception on object creation; nested exception is java.lang.ClassCastException: org.grails.datastore.mapping.document.config.Collection cannot be cast to org.grails.datastore.mapping.mongo.config.MongoCollection
	... 4 more
Caused by: org.springframework.beans.factory.BeanCreationException: Error creating bean with name 'mongoDatastore': FactoryBean threw exception on object creation; nested exception is java.lang.ClassCastException: org.grails.datastore.mapping.document.config.Collection cannot be cast to org.grails.datastore.mapping.mongo.config.MongoCollection
	... 4 more
Caused by: java.lang.ClassCastException: org.grails.datastore.mapping.document.config.Collection cannot be cast to org.grails.datastore.mapping.mongo.config.MongoCollection
	at org.grails.datastore.mapping.mongo.MongoDatastore.createMongoTemplate(MongoDatastore.java:213)
	at org.grails.datastore.mapping.mongo.MongoDatastore.afterPropertiesSet(MongoDatastore.java:203)
	at org.grails.datastore.gorm.mongo.bean.factory.MongoDatastoreFactoryBean.getObject(MongoDatastoreFactoryBean.groovy:53)
	... 4 more
2015-03-04 14:54:42,599 [localhost-startStop-1] ERROR StackTrace  - Full Stack Trace:
org.springframework.beans.factory.BeanCreationException: Error creating bean with name 'mongoTransactionManager': Cannot resolve reference to bean 'mongoDatastore' while setting bean property 'datastore'; nested exception is org.springframework.beans.factory.BeanCreationException: Error creating bean with name 'mongoDatastore': FactoryBean threw exception on object creation; nested exception is java.lang.ClassCastException: org.grails.datastore.mapping.document.config.Collection cannot be cast to org.grails.datastore.mapping.mongo.config.MongoCollection
	at java.util.concurrent.FutureTask.run(FutureTask.java:262)
	at java.util.concurrent.ThreadPoolExecutor.runWorker(ThreadPoolExecutor.java:1145)
	at java.util.concurrent.ThreadPoolExecutor$Worker.run(ThreadPoolExecutor.java:615)
	at java.lang.Thread.run(Thread.java:745)
Caused by: org.springframework.beans.factory.BeanCreationException: Error creating bean with name 'mongoDatastore': FactoryBean threw exception on object creation; nested exception is java.lang.ClassCastException: org.grails.datastore.mapping.document.config.Collection cannot be cast to org.grails.datastore.mapping.mongo.config.MongoCollection
	... 4 more
Caused by: java.lang.ClassCastException: org.grails.datastore.mapping.document.config.Collection cannot be cast to org.grails.datastore.mapping.mongo.config.MongoCollection
	at org.grails.datastore.mapping.mongo.MongoDatastore.createMongoTemplate(MongoDatastore.java:213)
	at org.grails.datastore.mapping.mongo.MongoDatastore.afterPropertiesSet(MongoDatastore.java:203)
	at org.grails.datastore.gorm.mongo.bean.factory.MongoDatastoreFactoryBean.getObject(MongoDatastoreFactoryBean.groovy:53)
	... 4 more
2015-03-04 14:54:42,599 [localhost-startStop-1] ERROR StackTrace  - Full Stack Trace:
org.springframework.beans.factory.BeanCreationException: Error creating bean with name 'mongoDatastore': FactoryBean threw exception on object creation; nested exception is java.lang.ClassCastException: org.grails.datastore.mapping.document.config.Collection cannot be cast to org.grails.datastore.mapping.mongo.config.MongoCollection
	at java.util.concurrent.FutureTask.run(FutureTask.java:262)
	at java.util.concurrent.ThreadPoolExecutor.runWorker(ThreadPoolExecutor.java:1145)
	at java.util.concurrent.ThreadPoolExecutor$Worker.run(ThreadPoolExecutor.java:615)
	at java.lang.Thread.run(Thread.java:745)
Caused by: java.lang.ClassCastException: org.grails.datastore.mapping.document.config.Collection cannot be cast to org.grails.datastore.mapping.mongo.config.MongoCollection
	at org.grails.datastore.mapping.mongo.MongoDatastore.createMongoTemplate(MongoDatastore.java:213)
	at org.grails.datastore.mapping.mongo.MongoDatastore.afterPropertiesSet(MongoDatastore.java:203)
	at org.grails.datastore.gorm.mongo.bean.factory.MongoDatastoreFactoryBean.getObject(MongoDatastoreFactoryBean.groovy:53)
	... 4 more
2015-03-04 14:54:42,599 [localhost-startStop-1] ERROR StackTrace  - Full Stack Trace:
java.lang.ClassCastException: org.grails.datastore.mapping.document.config.Collection cannot be cast to org.grails.datastore.mapping.mongo.config.MongoCollection
	at org.grails.datastore.mapping.mongo.MongoDatastore.createMongoTemplate(MongoDatastore.java:213)
	at org.grails.datastore.mapping.mongo.MongoDatastore.afterPropertiesSet(MongoDatastore.java:203)
	at org.grails.datastore.gorm.mongo.bean.factory.MongoDatastoreFactoryBean.getObject(MongoDatastoreFactoryBean.groovy:53)
	at java.util.concurrent.FutureTask.run(FutureTask.java:262)
	at java.util.concurrent.ThreadPoolExecutor.runWorker(ThreadPoolExecutor.java:1145)
	at java.util.concurrent.ThreadPoolExecutor$Worker.run(ThreadPoolExecutor.java:615)
	at java.lang.Thread.run(Thread.java:745)
2015-03-04 14:54:42,600 [localhost-startStop-1] ERROR StackTrace  - Full Stack Trace:
org.springframework.beans.factory.BeanCreationException: Error creating bean with name 'transactionManagerPostProcessor': Initialization of bean failed; nested exception is org.springframework.beans.factory.BeanCreationException: Error creating bean with name 'mongoTransactionManager': Cannot resolve reference to bean 'mongoDatastore' while setting bean property 'datastore'; nested exception is org.springframework.beans.factory.BeanCreationException: Error creating bean with name 'mongoDatastore': FactoryBean threw exception on object creation; nested exception is java.lang.ClassCastException: org.grails.datastore.mapping.document.config.Collection cannot be cast to org.grails.datastore.mapping.mongo.config.MongoCollection
	at java.util.concurrent.FutureTask.run(FutureTask.java:262)
	at java.util.concurrent.ThreadPoolExecutor.runWorker(ThreadPoolExecutor.java:1145)
	at java.util.concurrent.ThreadPoolExecutor$Worker.run(ThreadPoolExecutor.java:615)
	at java.lang.Thread.run(Thread.java:745)
Caused by: org.springframework.beans.factory.BeanCreationException: Error creating bean with name 'mongoTransactionManager': Cannot resolve reference to bean 'mongoDatastore' while setting bean property 'datastore'; nested exception is org.springframework.beans.factory.BeanCreationException: Error creating bean with name 'mongoDatastore': FactoryBean threw exception on object creation; nested exception is java.lang.ClassCastException: org.grails.datastore.mapping.document.config.Collection cannot be cast to org.grails.datastore.mapping.mongo.config.MongoCollection
	... 4 more
Caused by: org.springframework.beans.factory.BeanCreationException: Error creating bean with name 'mongoDatastore': FactoryBean threw exception on object creation; nested exception is java.lang.ClassCastException: org.grails.datastore.mapping.document.config.Collection cannot be cast to org.grails.datastore.mapping.mongo.config.MongoCollection
	... 4 more
Caused by: java.lang.ClassCastException: org.grails.datastore.mapping.document.config.Collection cannot be cast to org.grails.datastore.mapping.mongo.config.MongoCollection
	at org.grails.datastore.mapping.mongo.MongoDatastore.createMongoTemplate(MongoDatastore.java:213)
	at org.grails.datastore.mapping.mongo.MongoDatastore.afterPropertiesSet(MongoDatastore.java:203)
	at org.grails.datastore.gorm.mongo.bean.factory.MongoDatastoreFactoryBean.getObject(MongoDatastoreFactoryBean.groovy:53)
	... 4 more
2015-03-04 14:54:42,600 [localhost-startStop-1] ERROR StackTrace  - Full Stack Trace:
org.springframework.beans.factory.BeanCreationException: Error creating bean with name 'transactionManagerPostProcessor': Initialization of bean failed; nested exception is org.springframework.beans.factory.BeanCreationException: Error creating bean with name 'mongoTransactionManager': Cannot resolve reference to bean 'mongoDatastore' while setting bean property 'datastore'; nested exception is org.springframework.beans.factory.BeanCreationException: Error creating bean with name 'mongoDatastore': FactoryBean threw exception on object creation; nested exception is java.lang.ClassCastException: org.grails.datastore.mapping.document.config.Collection cannot be cast to org.grails.datastore.mapping.mongo.config.MongoCollection
	at java.util.concurrent.FutureTask.run(FutureTask.java:262)
	at java.util.concurrent.ThreadPoolExecutor.runWorker(ThreadPoolExecutor.java:1145)
	at java.util.concurrent.ThreadPoolExecutor$Worker.run(ThreadPoolExecutor.java:615)
	at java.lang.Thread.run(Thread.java:745)
Caused by: org.springframework.beans.factory.BeanCreationException: Error creating bean with name 'mongoTransactionManager': Cannot resolve reference to bean 'mongoDatastore' while setting bean property 'datastore'; nested exception is org.springframework.beans.factory.BeanCreationException: Error creating bean with name 'mongoDatastore': FactoryBean threw exception on object creation; nested exception is java.lang.ClassCastException: org.grails.datastore.mapping.document.config.Collection cannot be cast to org.grails.datastore.mapping.mongo.config.MongoCollection
	... 4 more
Caused by: org.springframework.beans.factory.BeanCreationException: Error creating bean with name 'mongoDatastore': FactoryBean threw exception on object creation; nested exception is java.lang.ClassCastException: org.grails.datastore.mapping.document.config.Collection cannot be cast to org.grails.datastore.mapping.mongo.config.MongoCollection
	... 4 more
Caused by: java.lang.ClassCastException: org.grails.datastore.mapping.document.config.Collection cannot be cast to org.grails.datastore.mapping.mongo.config.MongoCollection
	at org.grails.datastore.mapping.mongo.MongoDatastore.createMongoTemplate(MongoDatastore.java:213)
	at org.grails.datastore.mapping.mongo.MongoDatastore.afterPropertiesSet(MongoDatastore.java:203)
	at org.grails.datastore.gorm.mongo.bean.factory.MongoDatastoreFactoryBean.getObject(MongoDatastoreFactoryBean.groovy:53)
	... 4 more
2015-03-04 14:54:42,600 [localhost-startStop-1] ERROR StackTrace  - Full Stack Trace:
org.springframework.beans.factory.BeanCreationException: Error creating bean with name 'mongoTransactionManager': Cannot resolve reference to bean 'mongoDatastore' while setting bean property 'datastore'; nested exception is org.springframework.beans.factory.BeanCreationException: Error creating bean with name 'mongoDatastore': FactoryBean threw exception on object creation; nested exception is java.lang.ClassCastException: org.grails.datastore.mapping.document.config.Collection cannot be cast to org.grails.datastore.mapping.mongo.config.MongoCollection
	at java.util.concurrent.FutureTask.run(FutureTask.java:262)
	at java.util.concurrent.ThreadPoolExecutor.runWorker(ThreadPoolExecutor.java:1145)
	at java.util.concurrent.ThreadPoolExecutor$Worker.run(ThreadPoolExecutor.java:615)
	at java.lang.Thread.run(Thread.java:745)
Caused by: org.springframework.beans.factory.BeanCreationException: Error creating bean with name 'mongoDatastore': FactoryBean threw exception on object creation; nested exception is java.lang.ClassCastException: org.grails.datastore.mapping.document.config.Collection cannot be cast to org.grails.datastore.mapping.mongo.config.MongoCollection
	... 4 more
Caused by: java.lang.ClassCastException: org.grails.datastore.mapping.document.config.Collection cannot be cast to org.grails.datastore.mapping.mongo.config.MongoCollection
	at org.grails.datastore.mapping.mongo.MongoDatastore.createMongoTemplate(MongoDatastore.java:213)
	at org.grails.datastore.mapping.mongo.MongoDatastore.afterPropertiesSet(MongoDatastore.java:203)
	at org.grails.datastore.gorm.mongo.bean.factory.MongoDatastoreFactoryBean.getObject(MongoDatastoreFactoryBean.groovy:53)
	... 4 more
2015-03-04 14:54:42,600 [localhost-startStop-1] ERROR StackTrace  - Full Stack Trace:
org.springframework.beans.factory.BeanCreationException: Error creating bean with name 'mongoDatastore': FactoryBean threw exception on object creation; nested exception is java.lang.ClassCastException: org.grails.datastore.mapping.document.config.Collection cannot be cast to org.grails.datastore.mapping.mongo.config.MongoCollection
	at java.util.concurrent.FutureTask.run(FutureTask.java:262)
	at java.util.concurrent.ThreadPoolExecutor.runWorker(ThreadPoolExecutor.java:1145)
	at java.util.concurrent.ThreadPoolExecutor$Worker.run(ThreadPoolExecutor.java:615)
	at java.lang.Thread.run(Thread.java:745)
Caused by: java.lang.ClassCastException: org.grails.datastore.mapping.document.config.Collection cannot be cast to org.grails.datastore.mapping.mongo.config.MongoCollection
	at org.grails.datastore.mapping.mongo.MongoDatastore.createMongoTemplate(MongoDatastore.java:213)
	at org.grails.datastore.mapping.mongo.MongoDatastore.afterPropertiesSet(MongoDatastore.java:203)
	at org.grails.datastore.gorm.mongo.bean.factory.MongoDatastoreFactoryBean.getObject(MongoDatastoreFactoryBean.groovy:53)
	... 4 more
2015-03-04 14:54:42,600 [localhost-startStop-1] ERROR StackTrace  - Full Stack Trace:
java.lang.ClassCastException: org.grails.datastore.mapping.document.config.Collection cannot be cast to org.grails.datastore.mapping.mongo.config.MongoCollection
	at org.grails.datastore.mapping.mongo.MongoDatastore.createMongoTemplate(MongoDatastore.java:213)
	at org.grails.datastore.mapping.mongo.MongoDatastore.afterPropertiesSet(MongoDatastore.java:203)
	at org.grails.datastore.gorm.mongo.bean.factory.MongoDatastoreFactoryBean.getObject(MongoDatastoreFactoryBean.groovy:53)
	at java.util.concurrent.FutureTask.run(FutureTask.java:262)
	at java.util.concurrent.ThreadPoolExecutor.runWorker(ThreadPoolExecutor.java:1145)
	at java.util.concurrent.ThreadPoolExecutor$Worker.run(ThreadPoolExecutor.java:615)
	at java.lang.Thread.run(Thread.java:745)
2015-03-04 14:54:42,600 [localhost-startStop-1] ERROR StackTrace  - Full Stack Trace:
org.springframework.beans.factory.BeanCreationException: Error creating bean with name 'transactionManagerPostProcessor': Initialization of bean failed; nested exception is org.springframework.beans.factory.BeanCreationException: Error creating bean with name 'mongoTransactionManager': Cannot resolve reference to bean 'mongoDatastore' while setting bean property 'datastore'; nested exception is org.springframework.beans.factory.BeanCreationException: Error creating bean with name 'mongoDatastore': FactoryBean threw exception on object creation; nested exception is java.lang.ClassCastException: org.grails.datastore.mapping.document.config.Collection cannot be cast to org.grails.datastore.mapping.mongo.config.MongoCollection
	at java.util.concurrent.FutureTask.run(FutureTask.java:262)
	at java.util.concurrent.ThreadPoolExecutor.runWorker(ThreadPoolExecutor.java:1145)
	at java.util.concurrent.ThreadPoolExecutor$Worker.run(ThreadPoolExecutor.java:615)
	at java.lang.Thread.run(Thread.java:745)
Caused by: org.springframework.beans.factory.BeanCreationException: Error creating bean with name 'mongoTransactionManager': Cannot resolve reference to bean 'mongoDatastore' while setting bean property 'datastore'; nested exception is org.springframework.beans.factory.BeanCreationException: Error creating bean with name 'mongoDatastore': FactoryBean threw exception on object creation; nested exception is java.lang.ClassCastException: org.grails.datastore.mapping.document.config.Collection cannot be cast to org.grails.datastore.mapping.mongo.config.MongoCollection
	... 4 more
Caused by: org.springframework.beans.factory.BeanCreationException: Error creating bean with name 'mongoDatastore': FactoryBean threw exception on object creation; nested exception is java.lang.ClassCastException: org.grails.datastore.mapping.document.config.Collection cannot be cast to org.grails.datastore.mapping.mongo.config.MongoCollection
	... 4 more
Caused by: java.lang.ClassCastException: org.grails.datastore.mapping.document.config.Collection cannot be cast to org.grails.datastore.mapping.mongo.config.MongoCollection
	at org.grails.datastore.mapping.mongo.MongoDatastore.createMongoTemplate(MongoDatastore.java:213)
	at org.grails.datastore.mapping.mongo.MongoDatastore.afterPropertiesSet(MongoDatastore.java:203)
	at org.grails.datastore.gorm.mongo.bean.factory.MongoDatastoreFactoryBean.getObject(MongoDatastoreFactoryBean.groovy:53)
	... 4 more
